Turbo Assembler	 Version 2.5	    05/13/20 15:00:15	    Page 1
proj1ex2.asm



      1				     assume cs:code,ds:code
      2	0000			     code segment
      3					  org 100h
      4	0100			     start:
      5				     ; CODE BEGIN
      6	0100  B8 FFFF			     mov ax,0FFFFh
      7	0103  05 0002			     add ax, 2
      8	0106  50			     push ax
      9	0107  5F			     pop di	    ; di has a value of	1
     10	0108  03 FF			     add di,di	    ; di has a value of	2
     11	010A  8B CF			     mov cx,di	    ; cx = 2
     12	010C  41			     inc cx	    ; cx is 3
     13	010D  2B F9			     sub di, cx	    ; di is FFFF
     14	010F  4F			     dec di	    ; di is FFFE
     15	0110				 L1:
     16	0110  33 FF			     xor di, di
     17	0112  33 F8			     xor di, ax
     18	0114  57			     push di
     19	0115  83 CF 02			     or	di, 2
     20	0118  E2 F6			     LOOP L1
     21	011A  B9 0005			     mov cx, 5
     22
     23	011D				 L2:
     24	011D  2B C7			     sub ax, di
     25	011F  50			     push ax
     26	0120  40			     inc ax
     27	0121  5B			     pop bx
     28	0122  83 C3 02			     add bx, 2
     29	0125  E0 F6			     LOOPNZ L2
     30	0127  03 CF			     add cx, di
     31
     32	0129				 L3:
     33	0129  83 CB 01			     or	bx,1
     34	012C  23 C3			     and ax, bx
     35	012E  03 F9			     add di, cx
     36	0130  2B C3			     sub ax, bx
     37	0132  E1 F5			     LOOPZ L3
     38
     39	0134  CD 20			 int 20h
     40				     ; CODE END
     41	0136			     code ends
     42				     end start
Turbo Assembler	 Version 2.5	    05/13/20 15:00:15	    Page 2
Symbol Table




Symbol Name			  Type	 Value

??DATE				  Text	 "05/13/20"
??FILENAME			  Text	 "proj1ex2"
??TIME				  Text	 "15:00:15"
??VERSION			  Number 0205
@CPU				  Text	 0101H
@CURSEG				  Text	 CODE
@FILENAME			  Text	 PROJ1EX2
@WORDSIZE			  Text	 2
L1				  Near	 CODE:0110
L2				  Near	 CODE:011D
L3				  Near	 CODE:0129
START				  Near	 CODE:0100

Groups & Segments		  Bit Size Align  Combine Class

CODE				  16  0136 Para	  none
